Running with dbt=1.7.13
Registered adapter: snowflake=1.7.0
Found 324 models, 2041 tests, 7 seeds, 5 operations, 5 analyses, 36 sources, 0 exposures, 0 metrics, 1028 macros, 0 groups, 0 semantic models


Running 3 on-run-start hooks
1 of 3 START hook: base_models.on-run-start.0 .................................. [RUN]
1 of 3 OK hook: base_models.on-run-start.0 ..................................... [[32mOK[0m in 0.00s]
2 of 3 START hook: base_models.on-run-start.1 .................................. [RUN]
2 of 3 OK hook: base_models.on-run-start.1 ..................................... [[32mOK[0m in 0.00s]
3 of 3 START hook: livequery_models.on-run-start.0 ............................. [RUN]
3 of 3 OK hook: livequery_models.on-run-start.0 ................................ [[32mOK[0m in 0.00s]

Concurrency: 12 threads (target='dev')

1 of 1 START sql incremental model _datashare._create_gold ..................... [RUN]
1 of 1 OK created sql incremental model _datashare._create_gold ................ [[32mSUCCESS 1[0m in 7.34s]

Running 2 on-run-end hooks
1 of 2 START hook: base_models.on-run-end.0 .................................... [RUN]
1 of 2 OK hook: base_models.on-run-end.0 ....................................... [[32mOK[0m in 0.00s]
2 of 2 START hook: livequery_models.on-run-end.0 ............................... [RUN]
2 of 2 OK hook: livequery_models.on-run-end.0 .................................. [[32mOK[0m in 0.00s]


Finished running 1 incremental model, 5 hooks in 0 hours 0 minutes and 17.20 seconds (17.20s).

[32mCompleted successfully[0m

Done. PASS=1 WARN=0 ERROR=0 SKIP=0 TOTAL=1
