[32m2024-04-18 15:33:11 -0700[0m - dagster - [34mDEBUG[0m - __ASSET_JOB - 5359ddf5-59a1-46a5-a3e2-0120b9b5447f - 63412 - LOGS_CAPTURED - Started capturing logs in process (pid: 63412).
[32m2024-04-18 15:33:11 -0700[0m - dagster - [34mDEBUG[0m - __ASSET_JOB - 5359ddf5-59a1-46a5-a3e2-0120b9b5447f - 63412 - base_models_dbt_assets - STEP_START - Started execution of step "base_models_dbt_assets".
[32m2024-04-18 15:33:11 -0700[0m - dagster - [34mINFO[0m - __ASSET_JOB - 5359ddf5-59a1-46a5-a3e2-0120b9b5447f - base_models_dbt_assets - A dbt subsetted execution is being performed. Overriding default dbt selection arguments `['--select', 'fqn:*']` with arguments: `['fqn:base_models.silver.defi.lending.complete_lending.silver__complete_lending_repayments']`. 
[32m2024-04-18 15:33:11 -0700[0m - dagster - [34mINFO[0m - __ASSET_JOB - 5359ddf5-59a1-46a5-a3e2-0120b9b5447f - base_models_dbt_assets - Copying `/Users/mattromano/Desktop/test_repos/base-models_tests/target/partial_parse.msgpack` to `/Users/mattromano/Desktop/test_repos/base-models_tests/target/base_models_dbt_assets-5359ddf-1ab2695/partial_parse.msgpack` to take advantage of partial parsing.
[32m2024-04-18 15:33:11 -0700[0m - dagster - [34mINFO[0m - __ASSET_JOB - 5359ddf5-59a1-46a5-a3e2-0120b9b5447f - base_models_dbt_assets - Running dbt command: `dbt build --select fqn:base_models.silver.defi.lending.complete_lending.silver__complete_lending_repayments`.
[32m2024-04-18 15:33:33 -0700[0m - dagster - [34mDEBUG[0m - __ASSET_JOB - 5359ddf5-59a1-46a5-a3e2-0120b9b5447f - 63412 - base_models_dbt_assets - STEP_OUTPUT - Yielded output "model_base_models_silver__complete_lending_repayments" of type "Nothing". (Type check passed).
[32m2024-04-18 15:33:33 -0700[0m - dagster - [34mDEBUG[0m - __ASSET_JOB - 5359ddf5-59a1-46a5-a3e2-0120b9b5447f - 63412 - base_models_dbt_assets - ASSET_MATERIALIZATION - Materialized value silver__complete_lending_repayments.
[32m2024-04-18 15:33:35 -0700[0m - dagster - [34mDEBUG[0m - __ASSET_JOB - 5359ddf5-59a1-46a5-a3e2-0120b9b5447f - 63412 - base_models_dbt_assets - ASSET_CHECK_EVALUATION - DagsterEventType.ASSET_CHECK_EVALUATION for step base_models_dbt_assets
[32m2024-04-18 15:33:35 -0700[0m - dagster - [34mDEBUG[0m - __ASSET_JOB - 5359ddf5-59a1-46a5-a3e2-0120b9b5447f - 63412 - base_models_dbt_assets - STEP_OUTPUT - Yielded output "silver__complete_lending_repayments_not_null_silver__complete_lending_repayments_BLOCKCHAIN" of type "Any". (Type check passed).
[32m2024-04-18 15:33:36 -0700[0m - dagster - [34mDEBUG[0m - __ASSET_JOB - 5359ddf5-59a1-46a5-a3e2-0120b9b5447f - 63412 - base_models_dbt_assets - ASSET_CHECK_EVALUATION - DagsterEventType.ASSET_CHECK_EVALUATION for step base_models_dbt_assets
[32m2024-04-18 15:33:36 -0700[0m - dagster - [34mDEBUG[0m - __ASSET_JOB - 5359ddf5-59a1-46a5-a3e2-0120b9b5447f - 63412 - base_models_dbt_assets - STEP_OUTPUT - Yielded output "silver__complete_lending_repayments_not_null_silver__complete_lending_repayments_EVENT_INDEX" of type "Any". (Type check passed).
[32m2024-04-18 15:33:36 -0700[0m - dagster - [34mDEBUG[0m - __ASSET_JOB - 5359ddf5-59a1-46a5-a3e2-0120b9b5447f - 63412 - base_models_dbt_assets - ASSET_CHECK_EVALUATION - DagsterEventType.ASSET_CHECK_EVALUATION for step base_models_dbt_assets
[32m2024-04-18 15:33:36 -0700[0m - dagster - [34mDEBUG[0m - __ASSET_JOB - 5359ddf5-59a1-46a5-a3e2-0120b9b5447f - 63412 - base_models_dbt_assets - STEP_OUTPUT - Yielded output "silver__complete_lending_repayments_dbt_expectations_expect_row_values_to_have_recent_data_silver__complete_lending_repayments_BLOCK_TIMESTAMP__day__30" of type "Any". (Type check passed).
[32m2024-04-18 15:33:37 -0700[0m - dagster - [34mDEBUG[0m - __ASSET_JOB - 5359ddf5-59a1-46a5-a3e2-0120b9b5447f - 63412 - base_models_dbt_assets - ASSET_CHECK_EVALUATION - DagsterEventType.ASSET_CHECK_EVALUATION for step base_models_dbt_assets
[32m2024-04-18 15:33:37 -0700[0m - dagster - [34mDEBUG[0m - __ASSET_JOB - 5359ddf5-59a1-46a5-a3e2-0120b9b5447f - 63412 - base_models_dbt_assets - STEP_OUTPUT - Yielded output "silver__complete_lending_repayments_not_null_silver__complete_lending_repayments_AMOUNT_UNADJ" of type "Any". (Type check passed).
[32m2024-04-18 15:33:37 -0700[0m - dagster - [34mDEBUG[0m - __ASSET_JOB - 5359ddf5-59a1-46a5-a3e2-0120b9b5447f - 63412 - base_models_dbt_assets - ASSET_CHECK_EVALUATION - DagsterEventType.ASSET_CHECK_EVALUATION for step base_models_dbt_assets
[32m2024-04-18 15:33:37 -0700[0m - dagster - [34mDEBUG[0m - __ASSET_JOB - 5359ddf5-59a1-46a5-a3e2-0120b9b5447f - 63412 - base_models_dbt_assets - STEP_OUTPUT - Yielded output "silver__complete_lending_repayments_not_null_silver__complete_lending_repayments_BLOCK_TIMESTAMP" of type "Any". (Type check passed).
[32m2024-04-18 15:33:37 -0700[0m - dagster - [34mDEBUG[0m - __ASSET_JOB - 5359ddf5-59a1-46a5-a3e2-0120b9b5447f - 63412 - base_models_dbt_assets - ASSET_CHECK_EVALUATION - DagsterEventType.ASSET_CHECK_EVALUATION for step base_models_dbt_assets
[32m2024-04-18 15:33:37 -0700[0m - dagster - [34mDEBUG[0m - __ASSET_JOB - 5359ddf5-59a1-46a5-a3e2-0120b9b5447f - 63412 - base_models_dbt_assets - STEP_OUTPUT - Yielded output "silver__complete_lending_repayments_not_null_silver__complete_lending_repayments_AMOUNT" of type "Any". (Type check passed).
[32m2024-04-18 15:33:37 -0700[0m - dagster - [34mDEBUG[0m - __ASSET_JOB - 5359ddf5-59a1-46a5-a3e2-0120b9b5447f - 63412 - base_models_dbt_assets - ASSET_CHECK_EVALUATION - DagsterEventType.ASSET_CHECK_EVALUATION for step base_models_dbt_assets
[32m2024-04-18 15:33:37 -0700[0m - dagster - [34mDEBUG[0m - __ASSET_JOB - 5359ddf5-59a1-46a5-a3e2-0120b9b5447f - 63412 - base_models_dbt_assets - STEP_OUTPUT - Yielded output "silver__complete_lending_repayments_not_null_silver__complete_lending_repayments_PAYER" of type "Any". (Type check passed).
[32m2024-04-18 15:33:37 -0700[0m - dagster - [34mDEBUG[0m - __ASSET_JOB - 5359ddf5-59a1-46a5-a3e2-0120b9b5447f - 63412 - base_models_dbt_assets - ASSET_CHECK_EVALUATION - DagsterEventType.ASSET_CHECK_EVALUATION for step base_models_dbt_assets
[32m2024-04-18 15:33:37 -0700[0m - dagster - [34mDEBUG[0m - __ASSET_JOB - 5359ddf5-59a1-46a5-a3e2-0120b9b5447f - 63412 - base_models_dbt_assets - STEP_OUTPUT - Yielded output "silver__complete_lending_repayments_not_null_silver__complete_lending_repayments_PLATFORM" of type "Any". (Type check passed).
[32m2024-04-18 15:33:37 -0700[0m - dagster - [34mDEBUG[0m - __ASSET_JOB - 5359ddf5-59a1-46a5-a3e2-0120b9b5447f - 63412 - base_models_dbt_assets - ASSET_CHECK_EVALUATION - DagsterEventType.ASSET_CHECK_EVALUATION for step base_models_dbt_assets
[32m2024-04-18 15:33:37 -0700[0m - dagster - [34mDEBUG[0m - __ASSET_JOB - 5359ddf5-59a1-46a5-a3e2-0120b9b5447f - 63412 - base_models_dbt_assets - STEP_OUTPUT - Yielded output "silver__complete_lending_repayments_not_null_silver__complete_lending_repayments_BORROWER" of type "Any". (Type check passed).
[32m2024-04-18 15:33:37 -0700[0m - dagster - [34mDEBUG[0m - __ASSET_JOB - 5359ddf5-59a1-46a5-a3e2-0120b9b5447f - 63412 - base_models_dbt_assets - ASSET_CHECK_EVALUATION - DagsterEventType.ASSET_CHECK_EVALUATION for step base_models_dbt_assets
[32m2024-04-18 15:33:37 -0700[0m - dagster - [34mDEBUG[0m - __ASSET_JOB - 5359ddf5-59a1-46a5-a3e2-0120b9b5447f - 63412 - base_models_dbt_assets - STEP_OUTPUT - Yielded output "silver__complete_lending_repayments_dbt_expectations_expect_column_values_to_be_in_type_list_silver__complete_lending_repayments_AMOUNT_USD__decimal__float" of type "Any". (Type check passed).
[32m2024-04-18 15:33:37 -0700[0m - dagster - [34mDEBUG[0m - __ASSET_JOB - 5359ddf5-59a1-46a5-a3e2-0120b9b5447f - 63412 - base_models_dbt_assets - ASSET_CHECK_EVALUATION - DagsterEventType.ASSET_CHECK_EVALUATION for step base_models_dbt_assets
[32m2024-04-18 15:33:37 -0700[0m - dagster - [34mDEBUG[0m - __ASSET_JOB - 5359ddf5-59a1-46a5-a3e2-0120b9b5447f - 63412 - base_models_dbt_assets - STEP_OUTPUT - Yielded output "silver__complete_lending_repayments_dbt_utils_unique_combination_of_columns_silver__complete_lending_repayments_TX_HASH__EVENT_INDEX" of type "Any". (Type check passed).
[32m2024-04-18 15:33:37 -0700[0m - dagster - [34mDEBUG[0m - __ASSET_JOB - 5359ddf5-59a1-46a5-a3e2-0120b9b5447f - 63412 - base_models_dbt_assets - ASSET_CHECK_EVALUATION - DagsterEventType.ASSET_CHECK_EVALUATION for step base_models_dbt_assets
[32m2024-04-18 15:33:37 -0700[0m - dagster - [34mDEBUG[0m - __ASSET_JOB - 5359ddf5-59a1-46a5-a3e2-0120b9b5447f - 63412 - base_models_dbt_assets - STEP_OUTPUT - Yielded output "silver__complete_lending_repayments_not_null_silver__complete_lending_repayments_BLOCK_NUMBER" of type "Any". (Type check passed).
[32m2024-04-18 15:33:38 -0700[0m - dagster - [34mDEBUG[0m - __ASSET_JOB - 5359ddf5-59a1-46a5-a3e2-0120b9b5447f - 63412 - base_models_dbt_assets - ASSET_CHECK_EVALUATION - DagsterEventType.ASSET_CHECK_EVALUATION for step base_models_dbt_assets
[32m2024-04-18 15:33:38 -0700[0m - dagster - [34mDEBUG[0m - __ASSET_JOB - 5359ddf5-59a1-46a5-a3e2-0120b9b5447f - 63412 - base_models_dbt_assets - STEP_OUTPUT - Yielded output "silver__complete_lending_repayments_not_null_silver__complete_lending_repayments_TOKEN_SYMBOL" of type "Any". (Type check passed).
[32m2024-04-18 15:33:38 -0700[0m - dagster - [34mDEBUG[0m - __ASSET_JOB - 5359ddf5-59a1-46a5-a3e2-0120b9b5447f - 63412 - base_models_dbt_assets - ASSET_CHECK_EVALUATION - DagsterEventType.ASSET_CHECK_EVALUATION for step base_models_dbt_assets
[32m2024-04-18 15:33:38 -0700[0m - dagster - [34mDEBUG[0m - __ASSET_JOB - 5359ddf5-59a1-46a5-a3e2-0120b9b5447f - 63412 - base_models_dbt_assets - STEP_OUTPUT - Yielded output "silver__complete_lending_repayments_not_null_silver__complete_lending_repayments_TOKEN_ADDRESS" of type "Any". (Type check passed).
[32m2024-04-18 15:33:38 -0700[0m - dagster - [34mDEBUG[0m - __ASSET_JOB - 5359ddf5-59a1-46a5-a3e2-0120b9b5447f - 63412 - base_models_dbt_assets - ASSET_CHECK_EVALUATION - DagsterEventType.ASSET_CHECK_EVALUATION for step base_models_dbt_assets
[32m2024-04-18 15:33:38 -0700[0m - dagster - [34mDEBUG[0m - __ASSET_JOB - 5359ddf5-59a1-46a5-a3e2-0120b9b5447f - 63412 - base_models_dbt_assets - STEP_OUTPUT - Yielded output "silver__complete_lending_repayments_not_null_silver__complete_lending_repayments_PROTOCOL_MARKET" of type "Any". (Type check passed).
[32m2024-04-18 15:33:39 -0700[0m - dagster - [34mDEBUG[0m - __ASSET_JOB - 5359ddf5-59a1-46a5-a3e2-0120b9b5447f - 63412 - base_models_dbt_assets - ASSET_CHECK_EVALUATION - DagsterEventType.ASSET_CHECK_EVALUATION for step base_models_dbt_assets
[32m2024-04-18 15:33:39 -0700[0m - dagster - [34mDEBUG[0m - __ASSET_JOB - 5359ddf5-59a1-46a5-a3e2-0120b9b5447f - 63412 - base_models_dbt_assets - STEP_OUTPUT - Yielded output "silver__complete_lending_repayments_not_null_silver__complete_lending_repayments_TX_HASH" of type "Any". (Type check passed).
[32m2024-04-18 15:33:39 -0700[0m - dagster - [34mINFO[0m - __ASSET_JOB - 5359ddf5-59a1-46a5-a3e2-0120b9b5447f - base_models_dbt_assets - Finished dbt command: `dbt build --select fqn:base_models.silver.defi.lending.complete_lending.silver__complete_lending_repayments`.
[32m2024-04-18 15:33:39 -0700[0m - dagster - [34mDEBUG[0m - __ASSET_JOB - 5359ddf5-59a1-46a5-a3e2-0120b9b5447f - 63412 - base_models_dbt_assets - STEP_SUCCESS - Finished execution of step "base_models_dbt_assets" in 27.87s.
